<?xml version="1.0" encoding="UTF-8"?>
<testng-results ignored="0" total="2" passed="2" failed="0" skipped="0">
  <reporter-output>
  </reporter-output>
  <suite started-at="2022-04-25T21:29:10 EDT" name="Default suite" finished-at="2022-04-25T21:29:16 EDT" duration-ms="6187">
    <groups>
    </groups>
    <test started-at="2022-04-25T21:29:10 EDT" name="Default test" finished-at="2022-04-25T21:29:16 EDT" duration-ms="6187">
      <class name="April10.Rbcwebsite.AccountsTest">
        <test-method signature="Savings()[pri:0, instance:April10.Rbcwebsite.AccountsTest@6239aba6]" started-at="2022-04-25T21:29:10 EDT" name="Savings" finished-at="2022-04-25T21:29:16 EDT" duration-ms="5845" status="PASS">
          <reporter-output>
          </reporter-output>
        </test-method> <!-- Savings -->
        <test-method signature="savings2()[pri:0, instance:April10.Rbcwebsite.AccountsTest@6239aba6]" started-at="2022-04-25T21:29:16 EDT" name="savings2" finished-at="2022-04-25T21:29:16 EDT" duration-ms="295" status="PASS">
          <reporter-output>
          </reporter-output>
        </test-method> <!-- savings2 -->
      </class> <!-- April10.Rbcwebsite.AccountsTest -->
    </test> <!-- Default test -->
  </suite> <!-- Default suite -->
</testng-results>
